INFO:mythril.mythril.mythril_config:Infura key not provided, so onchain access is disabled. Use --infura-id <INFURA_ID> or set it in the environment variable INFURA_ID or in the ~/.mythril/config.ini file
INFO:solcx:solc 0.4.26 already installed at: /home/ppakjae/.solcx/solc-v0.4.26
INFO:solcx:Using solc version 0.4.26
INFO:mythril.mythril.mythril_disassembler:Setting the compiler to /home/ppakjae/.solcx/solc-v0.4.26
INFO:mythril.support.signatures:Using signature database at /home/ppakjae/.mythril/signatures.db
INFO:mythril.laser.ethereum.svm:LASER EVM initialized with dynamic loader: <mythril.support.loader.DynLoader object at 0x7f25bedfba00>
INFO:mythril.laser.ethereum.strategy.extensions.bounded_loops:Loaded search strategy extension: Loop bounds (limit = 3)
INFO:mythril.laser.plugin.loader:Loading laser plugin: coverage
INFO:mythril.laser.plugin.loader:Loading laser plugin: mutation-pruner
INFO:mythril.laser.plugin.loader:Loading laser plugin: call-depth-limit
INFO:mythril.laser.plugin.loader:Loading laser plugin: instruction-profiler
INFO:mythril.laser.plugin.loader:Loading laser plugin: dependency-pruner
INFO:mythril.laser.plugin.loader:Instrumenting symbolic vm with plugin: coverage
INFO:mythril.laser.plugin.loader:Instrumenting symbolic vm with plugin: mutation-pruner
INFO:mythril.laser.plugin.loader:Instrumenting symbolic vm with plugin: call-depth-limit
INFO:mythril.laser.plugin.loader:Instrumenting symbolic vm with plugin: instruction-profiler
INFO:mythril.laser.plugin.loader:Instrumenting symbolic vm with plugin: dependency-pruner
DEBUG:mythril.laser.ethereum.svm:Starting LASER execution
INFO:mythril.laser.ethereum.svm:Starting contract creation transaction
DEBUG:mythril.laser.ethereum.instructions:Evaluating PUSH1 at 0
DEBUG:mythril.analysis.module.base:Entering analysis module: ReViolation
DEBUG:mythril.analysis.module.base:Exiting analysis module: ReViolation
DEBUG:mythril.laser.ethereum.instructions:Evaluating PUSH1 at 1
DEBUG:mythril.analysis.module.base:Entering analysis module: ReViolation
DEBUG:mythril.analysis.module.base:Exiting analysis module: ReViolation
DEBUG:mythril.analysis.module.base:Entering analysis module: UserAssertions
DEBUG:mythril.analysis.module.base:Exiting analysis module: UserAssertions
DEBUG:mythril.laser.ethereum.instructions:Evaluating MSTORE at 2
DEBUG:mythril.laser.ethereum.instructions:Evaluating CALLVALUE at 3
DEBUG:mythril.laser.ethereum.instructions:Evaluating DUP1 at 4
DEBUG:mythril.laser.ethereum.instructions:Evaluating ISZERO at 5
DEBUG:mythril.laser.ethereum.instructions:Evaluating PUSH2 at 6
DEBUG:mythril.analysis.module.base:Entering analysis module: ArbitraryJump
DEBUG:mythril.analysis.module.base:Exiting analysis module: ArbitraryJump
DEBUG:mythril.analysis.module.base:Entering analysis module: PredictableVariables
DEBUG:mythril.analysis.module.base:Exiting analysis module: PredictableVariables
DEBUG:mythril.analysis.module.base:Entering analysis module: TxOrigin
DEBUG:mythril.analysis.module.base:Exiting analysis module: TxOrigin
DEBUG:mythril.analysis.module.base:Entering analysis module: IntegerArithmetics
DEBUG:mythril.analysis.module.base:Exiting analysis module: IntegerArithmetics
DEBUG:mythril.laser.ethereum.instructions:Evaluating JUMPI at 7
DEBUG:mythril.laser.ethereum.instructions:Evaluating PUSH1 at 8
DEBUG:mythril.analysis.module.base:Entering analysis module: ReViolation
DEBUG:mythril.analysis.module.base:Exiting analysis module: ReViolation
DEBUG:mythril.laser.ethereum.instructions:Evaluating JUMPDEST at 11
DEBUG:mythril.laser.ethereum.instructions:Evaluating DUP1 at 9
DEBUG:mythril.laser.ethereum.instructions:Evaluating POP at 12
DEBUG:mythril.analysis.module.base:Entering analysis module: Exceptions
DEBUG:mythril.analysis.module.base:Exiting analysis module: Exceptions
DEBUG:mythril.laser.ethereum.instructions:Evaluating REVERT at 10
DEBUG:mythril.laser.ethereum.svm:Ending transaction ContractCreationTransaction 1 from 1004753105490295263244812946565948198177742958590 to  0x901d12ebe1b195e5aa8748e62bd7734ae19b51f.
DEBUG:mythril.laser.ethereum.instructions:Evaluating PUSH2 at 13
DEBUG:mythril.laser.ethereum.instructions:Evaluating DUP1 at 14
DEBUG:mythril.laser.ethereum.instructions:Evaluating PUSH2 at 15
DEBUG:mythril.laser.ethereum.instructions:Evaluating PUSH1 at 16
DEBUG:mythril.analysis.module.base:Entering analysis module: ReViolation
DEBUG:mythril.analysis.module.base:Exiting analysis module: ReViolation
DEBUG:mythril.laser.ethereum.instructions:Evaluating CODECOPY at 17
DEBUG:mythril.laser.ethereum.instructions:Copying from code offset: 32 - 288 with size: 256
DEBUG:mythril.laser.ethereum.instructions:Evaluating PUSH1 at 18
DEBUG:mythril.analysis.module.base:Entering analysis module: ReViolation
DEBUG:mythril.analysis.module.base:Exiting analysis module: ReViolation
DEBUG:mythril.analysis.module.base:Entering analysis module: IntegerArithmetics
DEBUG:mythril.analysis.module.base:Exiting analysis module: IntegerArithmetics
DEBUG:mythril.analysis.module.base:Entering analysis module: MultipleSends
DEBUG:mythril.analysis.module.base:Exiting analysis module: MultipleSends
DEBUG:mythril.analysis.module.base:Entering analysis module: UncheckedRetval
DEBUG:mythril.analysis.module.base:Exiting analysis module: UncheckedRetval
DEBUG:mythril.laser.ethereum.instructions:Evaluating RETURN at 19
DEBUG:mythril.laser.ethereum.svm:Ending transaction ContractCreationTransaction 1 from 1004753105490295263244812946565948198177742958590 to  0x901d12ebe1b195e5aa8748e62bd7734ae19b51f.
INFO:mythril.laser.ethereum.svm:Finished contract creation, found 1 open states
INFO:mythril.laser.ethereum.svm:Starting message call transaction, iteration: 0, 1 initial states
DEBUG:mythril.laser.ethereum.instructions:Evaluating PUSH1 at 0
DEBUG:mythril.analysis.module.base:Entering analysis module: ReViolation
DEBUG:mythril.analysis.module.base:Exiting analysis module: ReViolation
DEBUG:mythril.laser.ethereum.instructions:Evaluating PUSH1 at 1
DEBUG:mythril.analysis.module.base:Entering analysis module: ReViolation
DEBUG:mythril.analysis.module.base:Exiting analysis module: ReViolation
DEBUG:mythril.analysis.module.base:Entering analysis module: UserAssertions
DEBUG:mythril.analysis.module.base:Exiting analysis module: UserAssertions
DEBUG:mythril.laser.ethereum.instructions:Evaluating MSTORE at 2
DEBUG:mythril.laser.ethereum.instructions:Evaluating PUSH1 at 3
DEBUG:mythril.analysis.module.base:Entering analysis module: ReViolation
DEBUG:mythril.analysis.module.base:Exiting analysis module: ReViolation
DEBUG:mythril.laser.ethereum.instructions:Evaluating CALLDATASIZE at 4
DEBUG:mythril.laser.ethereum.instructions:Evaluating LT at 5
DEBUG:mythril.laser.ethereum.instructions:Evaluating PUSH1 at 6
DEBUG:mythril.analysis.module.base:Entering analysis module: ReViolation
DEBUG:mythril.analysis.module.base:Exiting analysis module: ReViolation
DEBUG:mythril.analysis.module.base:Entering analysis module: ArbitraryJump
DEBUG:mythril.analysis.module.base:Exiting analysis module: ArbitraryJump
DEBUG:mythril.analysis.module.base:Entering analysis module: PredictableVariables
DEBUG:mythril.analysis.module.base:Exiting analysis module: PredictableVariables
DEBUG:mythril.analysis.module.base:Entering analysis module: TxOrigin
DEBUG:mythril.analysis.module.base:Exiting analysis module: TxOrigin
DEBUG:mythril.analysis.module.base:Entering analysis module: IntegerArithmetics
DEBUG:mythril.analysis.module.base:Exiting analysis module: IntegerArithmetics
DEBUG:mythril.laser.ethereum.instructions:Evaluating JUMPI at 7
DEBUG:mythril.laser.ethereum.instructions:Evaluating PUSH1 at 8
DEBUG:mythril.analysis.module.base:Entering analysis module: ReViolation
DEBUG:mythril.analysis.module.base:Exiting analysis module: ReViolation
DEBUG:mythril.laser.ethereum.instructions:Evaluating JUMPDEST at 20
DEBUG:mythril.laser.ethereum.instructions:Evaluating CALLDATALOAD at 9
DEBUG:mythril.laser.ethereum.instructions:Evaluating PUSH1 at 21
DEBUG:mythril.analysis.module.base:Entering analysis module: ReViolation
DEBUG:mythril.analysis.module.base:Exiting analysis module: ReViolation
DEBUG:mythril.laser.ethereum.instructions:Evaluating PUSH29 at 10
DEBUG:mythril.laser.ethereum.instructions:Evaluating DUP1 at 22
DEBUG:mythril.laser.ethereum.instructions:Evaluating SWAP1 at 11
DEBUG:mythril.analysis.module.base:Entering analysis module: Exceptions
DEBUG:mythril.analysis.module.base:Exiting analysis module: Exceptions
DEBUG:mythril.laser.ethereum.instructions:Evaluating REVERT at 23
DEBUG:mythril.laser.ethereum.svm:Ending transaction MessageCallTransaction 2 from sender_2 to  0x901d12ebe1b195e5aa8748e62bd7734ae19b51f.
DEBUG:mythril.laser.ethereum.instructions:Evaluating DIV at 12
DEBUG:mythril.laser.ethereum.instructions:Evaluating PUSH4 at 13
DEBUG:mythril.laser.ethereum.instructions:Evaluating AND at 14
DEBUG:mythril.laser.ethereum.instructions:Evaluating DUP1 at 15
DEBUG:mythril.laser.ethereum.instructions:Evaluating PUSH4 at 16
DEBUG:mythril.laser.ethereum.instructions:Evaluating EQ at 17
DEBUG:mythril.laser.ethereum.instructions:Evaluating PUSH1 at 18
DEBUG:mythril.analysis.module.base:Entering analysis module: ReViolation
DEBUG:mythril.analysis.module.base:Exiting analysis module: ReViolation
DEBUG:mythril.analysis.module.base:Entering analysis module: ArbitraryJump
DEBUG:mythril.analysis.module.base:Exiting analysis module: ArbitraryJump
DEBUG:mythril.analysis.module.base:Entering analysis module: PredictableVariables
DEBUG:mythril.analysis.module.base:Exiting analysis module: PredictableVariables
DEBUG:mythril.analysis.module.base:Entering analysis module: TxOrigin
DEBUG:mythril.analysis.module.base:Exiting analysis module: TxOrigin
DEBUG:mythril.analysis.module.base:Entering analysis module: IntegerArithmetics
DEBUG:mythril.analysis.module.base:Exiting analysis module: IntegerArithmetics
DEBUG:mythril.laser.ethereum.instructions:Evaluating JUMPI at 19
DEBUG:mythril.laser.ethereum.svm:- Entering function Suicide:unknown
DEBUG:mythril.laser.ethereum.instructions:Evaluating JUMPDEST at 20
DEBUG:mythril.laser.ethereum.instructions:Evaluating JUMPDEST at 24
DEBUG:mythril.laser.ethereum.instructions:Evaluating PUSH1 at 21
DEBUG:mythril.analysis.module.base:Entering analysis module: ReViolation
DEBUG:mythril.analysis.module.base:Exiting analysis module: ReViolation
DEBUG:mythril.laser.ethereum.instructions:Evaluating CALLVALUE at 25
DEBUG:mythril.laser.ethereum.instructions:Evaluating DUP1 at 22
DEBUG:mythril.laser.ethereum.instructions:Evaluating DUP1 at 26
DEBUG:mythril.analysis.module.base:Entering analysis module: Exceptions
DEBUG:mythril.analysis.module.base:Exiting analysis module: Exceptions
DEBUG:mythril.laser.ethereum.instructions:Evaluating REVERT at 23
DEBUG:mythril.laser.ethereum.svm:Ending transaction MessageCallTransaction 2 from sender_2 to  0x901d12ebe1b195e5aa8748e62bd7734ae19b51f.
DEBUG:mythril.laser.ethereum.instructions:Evaluating ISZERO at 27
DEBUG:mythril.laser.ethereum.instructions:Evaluating PUSH1 at 28
DEBUG:mythril.analysis.module.base:Entering analysis module: ReViolation
DEBUG:mythril.analysis.module.base:Exiting analysis module: ReViolation
DEBUG:mythril.analysis.module.base:Entering analysis module: ArbitraryJump
DEBUG:mythril.analysis.module.base:Exiting analysis module: ArbitraryJump
DEBUG:mythril.analysis.module.base:Entering analysis module: PredictableVariables
DEBUG:mythril.analysis.module.base:Exiting analysis module: PredictableVariables
DEBUG:mythril.analysis.module.base:Entering analysis module: TxOrigin
DEBUG:mythril.analysis.module.base:Exiting analysis module: TxOrigin
DEBUG:mythril.analysis.module.base:Entering analysis module: IntegerArithmetics
DEBUG:mythril.analysis.module.base:Exiting analysis module: IntegerArithmetics
DEBUG:mythril.laser.ethereum.instructions:Evaluating JUMPI at 29
DEBUG:mythril.laser.ethereum.instructions:Evaluating PUSH1 at 30
DEBUG:mythril.analysis.module.base:Entering analysis module: ReViolation
DEBUG:mythril.analysis.module.base:Exiting analysis module: ReViolation
DEBUG:mythril.laser.ethereum.instructions:Evaluating JUMPDEST at 33
DEBUG:mythril.laser.ethereum.instructions:Evaluating DUP1 at 31
DEBUG:mythril.laser.ethereum.instructions:Evaluating POP at 34
DEBUG:mythril.analysis.module.base:Entering analysis module: Exceptions
DEBUG:mythril.analysis.module.base:Exiting analysis module: Exceptions
DEBUG:mythril.laser.ethereum.instructions:Evaluating REVERT at 32
DEBUG:mythril.laser.ethereum.svm:Ending transaction MessageCallTransaction 2 from sender_2 to  0x901d12ebe1b195e5aa8748e62bd7734ae19b51f.
DEBUG:mythril.laser.ethereum.instructions:Evaluating PUSH1 at 35
DEBUG:mythril.analysis.module.base:Entering analysis module: ReViolation
DEBUG:mythril.analysis.module.base:Exiting analysis module: ReViolation
DEBUG:mythril.laser.ethereum.instructions:Evaluating PUSH1 at 36
DEBUG:mythril.analysis.module.base:Entering analysis module: ReViolation
DEBUG:mythril.analysis.module.base:Exiting analysis module: ReViolation
DEBUG:mythril.laser.ethereum.instructions:Evaluating DUP1 at 37
DEBUG:mythril.laser.ethereum.instructions:Evaluating CALLDATASIZE at 38
DEBUG:mythril.analysis.module.base:Entering analysis module: IntegerArithmetics
DEBUG:mythril.analysis.module.base:Exiting analysis module: IntegerArithmetics
DEBUG:mythril.laser.ethereum.instructions:Evaluating SUB at 39
DEBUG:mythril.laser.ethereum.instructions:Evaluating DUP2 at 40
DEBUG:mythril.analysis.module.base:Entering analysis module: IntegerArithmetics
DEBUG:mythril.analysis.module.base:Exiting analysis module: IntegerArithmetics
DEBUG:mythril.laser.ethereum.instructions:Evaluating ADD at 41
DEBUG:mythril.laser.ethereum.instructions:Evaluating SWAP1 at 42
DEBUG:mythril.laser.ethereum.instructions:Evaluating DUP1 at 43
DEBUG:mythril.laser.ethereum.instructions:Evaluating DUP1 at 44
DEBUG:mythril.laser.ethereum.instructions:Evaluating CALLDATALOAD at 45
DEBUG:mythril.laser.ethereum.instructions:Evaluating PUSH20 at 46
DEBUG:mythril.laser.ethereum.instructions:Evaluating AND at 47
DEBUG:mythril.laser.ethereum.instructions:Evaluating SWAP1 at 48
DEBUG:mythril.laser.ethereum.instructions:Evaluating PUSH1 at 49
DEBUG:mythril.analysis.module.base:Entering analysis module: ReViolation
DEBUG:mythril.analysis.module.base:Exiting analysis module: ReViolation
DEBUG:mythril.analysis.module.base:Entering analysis module: IntegerArithmetics
DEBUG:mythril.analysis.module.base:Exiting analysis module: IntegerArithmetics
DEBUG:mythril.laser.ethereum.instructions:Evaluating ADD at 50
DEBUG:mythril.laser.ethereum.instructions:Evaluating SWAP1 at 51
DEBUG:mythril.laser.ethereum.instructions:Evaluating SWAP3 at 52
DEBUG:mythril.laser.ethereum.instructions:Evaluating SWAP2 at 53
DEBUG:mythril.laser.ethereum.instructions:Evaluating SWAP1 at 54
DEBUG:mythril.laser.ethereum.instructions:Evaluating POP at 55
DEBUG:mythril.laser.ethereum.instructions:Evaluating POP at 56
DEBUG:mythril.laser.ethereum.instructions:Evaluating POP at 57
DEBUG:mythril.laser.ethereum.instructions:Evaluating PUSH1 at 58
DEBUG:mythril.analysis.module.base:Entering analysis module: ReViolation
DEBUG:mythril.analysis.module.base:Exiting analysis module: ReViolation
DEBUG:mythril.analysis.module.base:Entering analysis module: ArbitraryJump
DEBUG:mythril.analysis.module.base:Exiting analysis module: ArbitraryJump
DEBUG:mythril.analysis.module.base:Entering analysis module: Exceptions
DEBUG:mythril.analysis.module.base:Exiting analysis module: Exceptions
DEBUG:mythril.laser.ethereum.instructions:Evaluating JUMP at 59
DEBUG:mythril.laser.ethereum.instructions:Evaluating JUMPDEST at 62
DEBUG:mythril.laser.ethereum.instructions:Evaluating PUSH1 at 63
DEBUG:mythril.analysis.module.base:Entering analysis module: ReViolation
DEBUG:mythril.analysis.module.base:Exiting analysis module: ReViolation
DEBUG:mythril.laser.ethereum.instructions:Evaluating PUSH20 at 64
DEBUG:mythril.laser.ethereum.instructions:Evaluating AND at 65
DEBUG:mythril.laser.ethereum.instructions:Evaluating DUP2 at 66
DEBUG:mythril.laser.ethereum.instructions:Evaluating PUSH20 at 67
DEBUG:mythril.laser.ethereum.instructions:Evaluating AND at 68
DEBUG:mythril.laser.ethereum.instructions:Evaluating EQ at 69
DEBUG:mythril.laser.ethereum.instructions:Evaluating ISZERO at 70
DEBUG:mythril.laser.ethereum.instructions:Evaluating PUSH1 at 71
DEBUG:mythril.analysis.module.base:Entering analysis module: ReViolation
DEBUG:mythril.analysis.module.base:Exiting analysis module: ReViolation
DEBUG:mythril.analysis.module.base:Entering analysis module: ArbitraryJump
DEBUG:mythril.analysis.module.base:Exiting analysis module: ArbitraryJump
DEBUG:mythril.analysis.module.base:Entering analysis module: PredictableVariables
DEBUG:mythril.analysis.module.base:Exiting analysis module: PredictableVariables
DEBUG:mythril.analysis.module.base:Entering analysis module: TxOrigin
DEBUG:mythril.analysis.module.base:Exiting analysis module: TxOrigin
DEBUG:mythril.analysis.module.base:Entering analysis module: IntegerArithmetics
DEBUG:mythril.analysis.module.base:Exiting analysis module: IntegerArithmetics
DEBUG:mythril.laser.ethereum.instructions:Evaluating JUMPI at 72
DEBUG:mythril.laser.ethereum.instructions:Evaluating DUP1 at 73
DEBUG:mythril.laser.ethereum.instructions:Evaluating JUMPDEST at 77
DEBUG:mythril.laser.ethereum.instructions:Evaluating PUSH20 at 74
DEBUG:mythril.laser.ethereum.instructions:Evaluating POP at 78
DEBUG:mythril.laser.ethereum.instructions:Evaluating AND at 75
DEBUG:mythril.analysis.module.base:Entering analysis module: ArbitraryJump
DEBUG:mythril.analysis.module.base:Exiting analysis module: ArbitraryJump
DEBUG:mythril.analysis.module.base:Entering analysis module: Exceptions
DEBUG:mythril.analysis.module.base:Exiting analysis module: Exceptions
DEBUG:mythril.laser.ethereum.instructions:Evaluating JUMP at 79
DEBUG:mythril.analysis.module.base:Entering analysis module: AccidentallyKillable
INFO:mythril.analysis.module.modules.suicide:Suicide module: Analyzing suicide instruction
DEBUG:mythril.analysis.module.modules.suicide:SELFDESTRUCT in function kill(address)
DEBUG:mythril.analysis.module.base:Exiting analysis module: AccidentallyKillable
DEBUG:mythril.laser.ethereum.instructions:Evaluating SELFDESTRUCT at 76
DEBUG:mythril.laser.ethereum.svm:Ending transaction MessageCallTransaction 2 from sender_2 to  0x901d12ebe1b195e5aa8748e62bd7734ae19b51f.
DEBUG:mythril.laser.ethereum.instructions:Evaluating JUMPDEST at 60
DEBUG:mythril.analysis.module.base:Entering analysis module: IntegerArithmetics
DEBUG:mythril.analysis.module.base:Exiting analysis module: IntegerArithmetics
DEBUG:mythril.analysis.module.base:Entering analysis module: MultipleSends
DEBUG:mythril.analysis.module.base:Exiting analysis module: MultipleSends
DEBUG:mythril.analysis.module.base:Entering analysis module: UncheckedRetval
DEBUG:mythril.analysis.module.base:Exiting analysis module: UncheckedRetval
DEBUG:mythril.laser.ethereum.instructions:Evaluating STOP at 61
DEBUG:mythril.laser.ethereum.svm:Ending transaction MessageCallTransaction 2 from sender_2 to  0x901d12ebe1b195e5aa8748e62bd7734ae19b51f.
INFO:mythril.laser.plugin.plugins.coverage.coverage_plugin:Number of new instructions covered in tx 0: 80
INFO:mythril.laser.ethereum.svm:Finished symbolic execution
INFO:mythril.laser.plugin.plugins.coverage.coverage_plugin:Achieved 19.61% coverage for code: 608060405234801561001057600080fd5b50610100806100206000396000f300608060405260043610603f576000357c0100000000000000000000000000000000000000000000000000000000900463ffffffff168063cbf0b0c0146044575b600080fd5b348015604f57600080fd5b506082600480360381019080803573ffffffffffffffffffffffffffffffffffffffff1690602001909291905050506084565b005b600073ffffffffffffffffffffffffffffffffffffffff168173ffffffffffffffffffffffffffffffffffffffff16141560d1578073ffffffffffffffffffffffffffffffffffffffff16ff5b505600a165627a7a72305820afd8ec21bd93106ec7745463edad7a5ccd94fc34c71ee735de20842a5b047a590029
INFO:mythril.laser.plugin.plugins.coverage.coverage_plugin:Achieved 98.77% coverage for code: 608060405260043610603f576000357c0100000000000000000000000000000000000000000000000000000000900463ffffffff168063cbf0b0c0146044575b600080fd5b348015604f57600080fd5b506082600480360381019080803573ffffffffffffffffffffffffffffffffffffffff1690602001909291905050506084565b005b600073ffffffffffffffffffffffffffffffffffffffff168173ffffffffffffffffffffffffffffffffffffffff16141560d1578073ffffffffffffffffffffffffffffffffffffffff16ff5b505600a165627a7a72305820afd8ec21bd93106ec7745463edad7a5ccd94fc34c71ee735de20842a5b047a590029
INFO:mythril.laser.plugin.plugins.instruction_profiler:Total: 0.829463005065918 s
[ADD         ]   0.2777 %,  nr      2,  total   0.0023 s,  avg   0.0012 s,  min   0.0010 s,  max   0.0013 s
[AND         ]   0.5925 %,  nr      5,  total   0.0049 s,  avg   0.0010 s,  min   0.0009 s,  max   0.0011 s
[CALLDATALOAD]  76.2424 %,  nr      2,  total   0.6324 s,  avg   0.3162 s,  min   0.3162 s,  max   0.3162 s
[CALLDATASIZE]   0.2351 %,  nr      2,  total   0.0020 s,  avg   0.0010 s,  min   0.0009 s,  max   0.0011 s
[CALLVALUE   ]   0.2141 %,  nr      2,  total   0.0018 s,  avg   0.0009 s,  min   0.0009 s,  max   0.0009 s
[CODECOPY    ]   6.4586 %,  nr      1,  total   0.0536 s,  avg   0.0536 s,  min   0.0536 s,  max   0.0536 s
[DIV         ]   0.1396 %,  nr      1,  total   0.0012 s,  avg   0.0012 s,  min   0.0012 s,  max   0.0012 s
[DUP1        ]   1.3911 %,  nr     12,  total   0.0115 s,  avg   0.0010 s,  min   0.0008 s,  max   0.0014 s
[DUP2        ]   0.1990 %,  nr      2,  total   0.0017 s,  avg   0.0008 s,  min   0.0008 s,  max   0.0008 s
[EQ          ]   0.2351 %,  nr      2,  total   0.0020 s,  avg   0.0010 s,  min   0.0010 s,  max   0.0010 s
[ISZERO      ]   0.3909 %,  nr      3,  total   0.0032 s,  avg   0.0011 s,  min   0.0010 s,  max   0.0013 s
[JUMP        ]   0.4252 %,  nr      2,  total   0.0035 s,  avg   0.0018 s,  min   0.0018 s,  max   0.0018 s
[JUMPDEST    ]   0.9358 %,  nr      8,  total   0.0078 s,  avg   0.0010 s,  min   0.0008 s,  max   0.0012 s
[JUMPI       ]   2.0403 %,  nr      5,  total   0.0169 s,  avg   0.0034 s,  min   0.0029 s,  max   0.0045 s
[LT          ]   0.1193 %,  nr      1,  total   0.0010 s,  avg   0.0010 s,  min   0.0010 s,  max   0.0010 s
[MSTORE      ]   4.4657 %,  nr      2,  total   0.0370 s,  avg   0.0185 s,  min   0.0165 s,  max   0.0205 s
[POP         ]   0.6506 %,  nr      6,  total   0.0054 s,  avg   0.0009 s,  min   0.0008 s,  max   0.0010 s
[PUSH1       ]   2.5933 %,  nr     21,  total   0.0215 s,  avg   0.0010 s,  min   0.0009 s,  max   0.0013 s
[PUSH2       ]   0.3458 %,  nr      3,  total   0.0029 s,  avg   0.0010 s,  min   0.0009 s,  max   0.0010 s
[PUSH20      ]   0.6847 %,  nr      4,  total   0.0057 s,  avg   0.0014 s,  min   0.0013 s,  max   0.0016 s
[PUSH29      ]   0.2191 %,  nr      1,  total   0.0018 s,  avg   0.0018 s,  min   0.0018 s,  max   0.0018 s
[PUSH4       ]   0.2371 %,  nr      2,  total   0.0020 s,  avg   0.0010 s,  min   0.0010 s,  max   0.0010 s
[SUB         ]   0.1144 %,  nr      1,  total   0.0009 s,  avg   0.0009 s,  min   0.0009 s,  max   0.0009 s
[SWAP1       ]   0.5987 %,  nr      5,  total   0.0050 s,  avg   0.0010 s,  min   0.0009 s,  max   0.0012 s
[SWAP2       ]   0.0969 %,  nr      1,  total   0.0008 s,  avg   0.0008 s,  min   0.0008 s,  max   0.0008 s
[SWAP3       ]   0.0972 %,  nr      1,  total   0.0008 s,  avg   0.0008 s,  min   0.0008 s,  max   0.0008 s

INFO:mythril.analysis.security:Starting analysis
DEBUG:mythril.analysis.security:Retrieving results for Caller can redirect execution to arbitrary bytecode locations
DEBUG:mythril.analysis.security:Retrieving results for Caller can write to arbitrary storage locations
DEBUG:mythril.analysis.security:Retrieving results for Delegatecall to a user-specified address
DEBUG:mythril.analysis.security:Retrieving results for Control flow depends on a predictable environment variable
DEBUG:mythril.analysis.security:Retrieving results for Control flow depends on tx.origin
DEBUG:mythril.analysis.security:Retrieving results for Any sender can withdraw ETH from the contract account
DEBUG:mythril.analysis.security:Retrieving results for Assertion violation
DEBUG:mythril.analysis.security:Retrieving results for External call to another contract
DEBUG:mythril.analysis.security:Retrieving results for Integer overflow or underflow
DEBUG:mythril.analysis.security:Retrieving results for Multiple external calls in the same transaction
DEBUG:mythril.analysis.security:Retrieving results for Requirement violation
DEBUG:mythril.analysis.security:Retrieving results for State change after an external call
DEBUG:mythril.analysis.security:Retrieving results for Contract can be accidentally killed by anyone
DEBUG:mythril.analysis.security:Retrieving results for Return value of an external call is not checked
DEBUG:mythril.analysis.security:Retrieving results for A user-defined assertion has been triggered
DEBUG:mythril.analysis.security:Retrieving results for Contract uses deprecated Solidity functions
INFO:mythril.mythril.mythril_analyzer:Solver statistics: 
Query count: 79 
Solver time: 0.46917080879211426
